<?xml version="1.0" encoding="UTF-8"?>
<!-- Generated by org.testng.reporters.JUnitReportReporter -->
<testsuite skipped="0" hostname="DESKTOP-I4FABQT" name="AgarwalRegression.PO_to_GRN_Console" tests="1" failures="0" timestamp="2020-08-23T17:47:52 IST" time="75.089" errors="0">
  <testcase name="switchfrompo_to_grn" time="75.089" classname="AgarwalRegression.PO_to_GRN_Console"/>
  <system-out/>
</testsuite> <!-- AgarwalRegression.PO_to_GRN_Console -->
