<?xml version="1.0" encoding="UTF-8"?>
<!-- Generated by org.testng.reporters.JUnitReportReporter -->
<testsuite skipped="0" hostname="DESKTOP-I4FABQT" name="AgarwalRegression.Test_PO_to_GRN_Console" tests="1" failures="0" timestamp="2020-08-26T01:21:46 IST" time="72.595" errors="0">
  <testcase name="Select_GRN_from_PO" time="72.595" classname="AgarwalRegression.Test_PO_to_GRN_Console"/>
  <system-out/>
</testsuite> <!-- AgarwalRegression.Test_PO_to_GRN_Console -->
