<?xml version="1.0" encoding="UTF-8"?>
<!-- Generated by org.testng.reporters.JUnitReportReporter -->
<testsuite skipped="0" hostname="DESKTOP-I4FABQT" name="AgarwalRegression.Phar_patientsales" tests="1" failures="0" timestamp="2020-08-22T23:04:59 IST" time="77.243" errors="0">
  <testcase name="phar_patientsale" time="77.243" classname="AgarwalRegression.Phar_patientsales"/>
  <system-out/>
</testsuite> <!-- AgarwalRegression.Phar_patientsales -->
