<?xml version="1.0" encoding="UTF-8"?>
<!-- Generated by org.testng.reporters.JUnitReportReporter -->
<testsuite hostname="Ideas2IT-PC" name="AgarwalRegression.SeleniumTest" tests="1" failures="0" timestamp="9 Aug 2020 13:39:44 GMT" time="0.028" errors="0">
  <testcase name="uiautomation" time="0.028" classname="AgarwalRegression.SeleniumTest"/>
</testsuite> <!-- AgarwalRegression.SeleniumTest -->
