<?xml version="1.0" encoding="UTF-8"?>
<!-- Generated by org.testng.reporters.JUnitReportReporter -->
<testsuite skipped="0" hostname="DESKTOP-I4FABQT" name="AgarwalRegression.Optical_directsales" tests="1" failures="0" timestamp="2020-08-24T20:33:46 IST" time="54.451" errors="0">
  <testcase name="phar_directsales" time="54.451" classname="AgarwalRegression.Optical_directsales"/>
  <system-out/>
</testsuite> <!-- AgarwalRegression.Optical_directsales -->
