<?xml version="1.0" encoding="UTF-8"?>
<!-- Generated by org.testng.reporters.JUnitReportReporter -->
<testsuite skipped="0" hostname="DESKTOP-I4FABQT" name="AgarwalRegression.Billing_Multiple_services_WithDiscount" tests="1" failures="0" timestamp="18 Aug 2020 09:34:27 GMT" time="95.333" errors="0">
  <testcase name="billingwithdiscount" time="95.333" classname="AgarwalRegression.Billing_Multiple_services_WithDiscount"/>
</testsuite> <!-- AgarwalRegression.Billing_Multiple_services_WithDiscount -->
