<?xml version="1.0" encoding="UTF-8"?>
<!-- Generated by org.testng.reporters.JUnitReportReporter -->
<testsuite skipped="0" hostname="Ideas2IT-PC" name="AgarwalRegression.logintest" tests="1" failures="0" timestamp="11 Aug 2020 16:23:04 GMT" time="22.558" errors="0">
  <testcase name="login" time="22.558" classname="AgarwalRegression.logintest"/>
</testsuite> <!-- AgarwalRegression.logintest -->
